have_func: checking for rb_absint_size()... -------------------- yes

"gcc -o conftest -I/home/vagrant/.rbenv/versions/2.4.1/include/ruby-2.4.0/x86_64-linux -I/home/vagrant/.rbenv/versions/2.4.1/include/ruby-2.4.0/ruby/backward -I/home/vagrant/.rbenv/versions/2.4.1/include/ruby-2.4.0 -I. -I/home/vagrant/.rbenv/versions/2.4.1/include    -O3 -fno-fast-math -ggdb3 -Wall -Wextra -Wno-unused-parameter -Wno-parentheses -Wno-long-long -Wno-missing-field-initializers -Wno-tautological-compare -Wno-parentheses-equality -Wno-constant-logical-operand -Wno-self-assign -Wunused-variable -Wimplicit-int -Wpointer-arith -Wwrite-strings -Wdeclaration-after-statement -Wimplicit-function-declaration -Wdeprecated-declarations -Wno-packed-bitfield-compat conftest.c  -L. -L/home/vagrant/.rbenv/versions/2.4.1/lib -Wl,-R/home/vagrant/.rbenv/versions/2.4.1/lib -L. -L/home/vagrant/.rbenv/versions/2.4.1/lib  -fstack-protector -rdynamic -Wl,-export-dynamic     -Wl,-R/home/vagrant/.rbenv/versions/2.4.1/lib -L/home/vagrant/.rbenv/versions/2.4.1/lib -lruby-static  -lpthread -lrt -ldl -lcrypt -lm   -lc"
checked program was:
/* begin */
1: #include "ruby.h"
2: 
3: int main(int argc, char **argv)
4: {
5:   return 0;
6: }
/* end */

"gcc -o conftest -I/home/vagrant/.rbenv/versions/2.4.1/include/ruby-2.4.0/x86_64-linux -I/home/vagrant/.rbenv/versions/2.4.1/include/ruby-2.4.0/ruby/backward -I/home/vagrant/.rbenv/versions/2.4.1/include/ruby-2.4.0 -I. -I/home/vagrant/.rbenv/versions/2.4.1/include    -O3 -fno-fast-math -ggdb3 -Wall -Wextra -Wno-unused-parameter -Wno-parentheses -Wno-long-long -Wno-missing-field-initializers -Wno-tautological-compare -Wno-parentheses-equality -Wno-constant-logical-operand -Wno-self-assign -Wunused-variable -Wimplicit-int -Wpointer-arith -Wwrite-strings -Wdeclaration-after-statement -Wimplicit-function-declaration -Wdeprecated-declarations -Wno-packed-bitfield-compat conftest.c  -L. -L/home/vagrant/.rbenv/versions/2.4.1/lib -Wl,-R/home/vagrant/.rbenv/versions/2.4.1/lib -L. -L/home/vagrant/.rbenv/versions/2.4.1/lib  -fstack-protector -rdynamic -Wl,-export-dynamic     -Wl,-R/home/vagrant/.rbenv/versions/2.4.1/lib -L/home/vagrant/.rbenv/versions/2.4.1/lib -lruby-static  -lpthread -lrt -ldl -lcrypt -lm   -lc"
checked program was:
/* begin */
 1: #include "ruby.h"
 2: 
 3: /*top*/
 4: extern int t(void);
 5: int main(int argc, char **argv)
 6: {
 7:   if (argc > 1000000) {
 8:     printf("%p", &t);
 9:   }
10: 
11:   return 0;
12: }
13: int t(void) { void ((*volatile p)()); p = (void ((*)()))rb_absint_size; return !p; }
/* end */

--------------------

have_func: checking for rb_absint_singlebit_p()... -------------------- yes

"gcc -o conftest -I/home/vagrant/.rbenv/versions/2.4.1/include/ruby-2.4.0/x86_64-linux -I/home/vagrant/.rbenv/versions/2.4.1/include/ruby-2.4.0/ruby/backward -I/home/vagrant/.rbenv/versions/2.4.1/include/ruby-2.4.0 -I. -I/home/vagrant/.rbenv/versions/2.4.1/include    -O3 -fno-fast-math -ggdb3 -Wall -Wextra -Wno-unused-parameter -Wno-parentheses -Wno-long-long -Wno-missing-field-initializers -Wno-tautological-compare -Wno-parentheses-equality -Wno-constant-logical-operand -Wno-self-assign -Wunused-variable -Wimplicit-int -Wpointer-arith -Wwrite-strings -Wdeclaration-after-statement -Wimplicit-function-declaration -Wdeprecated-declarations -Wno-packed-bitfield-compat conftest.c  -L. -L/home/vagrant/.rbenv/versions/2.4.1/lib -Wl,-R/home/vagrant/.rbenv/versions/2.4.1/lib -L. -L/home/vagrant/.rbenv/versions/2.4.1/lib  -fstack-protector -rdynamic -Wl,-export-dynamic     -Wl,-R/home/vagrant/.rbenv/versions/2.4.1/lib -L/home/vagrant/.rbenv/versions/2.4.1/lib -lruby-static  -lpthread -lrt -ldl -lcrypt -lm   -lc"
checked program was:
/* begin */
 1: #include "ruby.h"
 2: 
 3: /*top*/
 4: extern int t(void);
 5: int main(int argc, char **argv)
 6: {
 7:   if (argc > 1000000) {
 8:     printf("%p", &t);
 9:   }
10: 
11:   return 0;
12: }
13: int t(void) { void ((*volatile p)()); p = (void ((*)()))rb_absint_singlebit_p; return !p; }
/* end */

--------------------

have_func: checking for rb_wait_for_single_fd()... -------------------- yes

"gcc -o conftest -I/home/vagrant/.rbenv/versions/2.4.1/include/ruby-2.4.0/x86_64-linux -I/home/vagrant/.rbenv/versions/2.4.1/include/ruby-2.4.0/ruby/backward -I/home/vagrant/.rbenv/versions/2.4.1/include/ruby-2.4.0 -I. -I/home/vagrant/.rbenv/versions/2.4.1/include    -O3 -fno-fast-math -ggdb3 -Wall -Wextra -Wno-unused-parameter -Wno-parentheses -Wno-long-long -Wno-missing-field-initializers -Wno-tautological-compare -Wno-parentheses-equality -Wno-constant-logical-operand -Wno-self-assign -Wunused-variable -Wimplicit-int -Wpointer-arith -Wwrite-strings -Wdeclaration-after-statement -Wimplicit-function-declaration -Wdeprecated-declarations -Wno-packed-bitfield-compat conftest.c  -L. -L/home/vagrant/.rbenv/versions/2.4.1/lib -Wl,-R/home/vagrant/.rbenv/versions/2.4.1/lib -L. -L/home/vagrant/.rbenv/versions/2.4.1/lib  -fstack-protector -rdynamic -Wl,-export-dynamic     -Wl,-R/home/vagrant/.rbenv/versions/2.4.1/lib -L/home/vagrant/.rbenv/versions/2.4.1/lib -lruby-static  -lpthread -lrt -ldl -lcrypt -lm   -lc"
conftest.c: In function ‘t’:
conftest.c:13: error: ‘rb_wait_for_single_fd’ undeclared (first use in this function)
conftest.c:13: error: (Each undeclared identifier is reported only once
conftest.c:13: error: for each function it appears in.)
トップレベル:
cc1: 警告: unrecognized command line option "-Wno-self-assign"
cc1: 警告: unrecognized command line option "-Wno-constant-logical-operand"
cc1: 警告: unrecognized command line option "-Wno-parentheses-equality"
cc1: 警告: unrecognized command line option "-Wno-tautological-compare"
checked program was:
/* begin */
 1: #include "ruby.h"
 2: 
 3: /*top*/
 4: extern int t(void);
 5: int main(int argc, char **argv)
 6: {
 7:   if (argc > 1000000) {
 8:     printf("%p", &t);
 9:   }
10: 
11:   return 0;
12: }
13: int t(void) { void ((*volatile p)()); p = (void ((*)()))rb_wait_for_single_fd; return !p; }
/* end */

"gcc -o conftest -I/home/vagrant/.rbenv/versions/2.4.1/include/ruby-2.4.0/x86_64-linux -I/home/vagrant/.rbenv/versions/2.4.1/include/ruby-2.4.0/ruby/backward -I/home/vagrant/.rbenv/versions/2.4.1/include/ruby-2.4.0 -I. -I/home/vagrant/.rbenv/versions/2.4.1/include    -O3 -fno-fast-math -ggdb3 -Wall -Wextra -Wno-unused-parameter -Wno-parentheses -Wno-long-long -Wno-missing-field-initializers -Wno-tautological-compare -Wno-parentheses-equality -Wno-constant-logical-operand -Wno-self-assign -Wunused-variable -Wimplicit-int -Wpointer-arith -Wwrite-strings -Wdeclaration-after-statement -Wimplicit-function-declaration -Wdeprecated-declarations -Wno-packed-bitfield-compat conftest.c  -L. -L/home/vagrant/.rbenv/versions/2.4.1/lib -Wl,-R/home/vagrant/.rbenv/versions/2.4.1/lib -L. -L/home/vagrant/.rbenv/versions/2.4.1/lib  -fstack-protector -rdynamic -Wl,-export-dynamic     -Wl,-R/home/vagrant/.rbenv/versions/2.4.1/lib -L/home/vagrant/.rbenv/versions/2.4.1/lib -lruby-static  -lpthread -lrt -ldl -lcrypt -lm   -lc"
checked program was:
/* begin */
 1: #include "ruby.h"
 2: 
 3: /*top*/
 4: extern int t(void);
 5: int main(int argc, char **argv)
 6: {
 7:   if (argc > 1000000) {
 8:     printf("%p", &t);
 9:   }
10: 
11:   return 0;
12: }
13: extern void rb_wait_for_single_fd();
14: int t(void) { rb_wait_for_single_fd(); return 0; }
/* end */

--------------------

have_header: checking for mysql.h... -------------------- yes

"gcc -E -I/home/vagrant/.rbenv/versions/2.4.1/include/ruby-2.4.0/x86_64-linux -I/home/vagrant/.rbenv/versions/2.4.1/include/ruby-2.4.0/ruby/backward -I/home/vagrant/.rbenv/versions/2.4.1/include/ruby-2.4.0 -I. -I/usr/include/mysql -I/home/vagrant/.rbenv/versions/2.4.1/include    -O3 -fno-fast-math -ggdb3 -Wall -Wextra -Wno-unused-parameter -Wno-parentheses -Wno-long-long -Wno-missing-field-initializers -Wno-tautological-compare -Wno-parentheses-equality -Wno-constant-logical-operand -Wno-self-assign -Wunused-variable -Wimplicit-int -Wpointer-arith -Wwrite-strings -Wdeclaration-after-statement -Wimplicit-function-declaration -Wdeprecated-declarations -Wno-packed-bitfield-compat  conftest.c -o conftest.i"
checked program was:
/* begin */
1: #include "ruby.h"
2: 
3: #include <mysql.h>
/* end */

--------------------

have_header: checking for errmsg.h... -------------------- yes

"gcc -E -I/home/vagrant/.rbenv/versions/2.4.1/include/ruby-2.4.0/x86_64-linux -I/home/vagrant/.rbenv/versions/2.4.1/include/ruby-2.4.0/ruby/backward -I/home/vagrant/.rbenv/versions/2.4.1/include/ruby-2.4.0 -I. -I/usr/include/mysql -I/home/vagrant/.rbenv/versions/2.4.1/include    -O3 -fno-fast-math -ggdb3 -Wall -Wextra -Wno-unused-parameter -Wno-parentheses -Wno-long-long -Wno-missing-field-initializers -Wno-tautological-compare -Wno-parentheses-equality -Wno-constant-logical-operand -Wno-self-assign -Wunused-variable -Wimplicit-int -Wpointer-arith -Wwrite-strings -Wdeclaration-after-statement -Wimplicit-function-declaration -Wdeprecated-declarations -Wno-packed-bitfield-compat  conftest.c -o conftest.i"
checked program was:
/* begin */
1: #include "ruby.h"
2: 
3: #include <errmsg.h>
/* end */

--------------------

have_const: checking for SSL_MODE_DISABLED in mysql.h... -------------------- no

"gcc -I/home/vagrant/.rbenv/versions/2.4.1/include/ruby-2.4.0/x86_64-linux -I/home/vagrant/.rbenv/versions/2.4.1/include/ruby-2.4.0/ruby/backward -I/home/vagrant/.rbenv/versions/2.4.1/include/ruby-2.4.0 -I. -I/usr/include/mysql -I/home/vagrant/.rbenv/versions/2.4.1/include    -O3 -fno-fast-math -ggdb3 -Wall -Wextra -Wno-unused-parameter -Wno-parentheses -Wno-long-long -Wno-missing-field-initializers -Wno-tautological-compare -Wno-parentheses-equality -Wno-constant-logical-operand -Wno-self-assign -Wunused-variable -Wimplicit-int -Wpointer-arith -Wwrite-strings -Wdeclaration-after-statement -Wimplicit-function-declaration -Wdeprecated-declarations -Wno-packed-bitfield-compat   -c conftest.c"
conftest.c:7: error: ‘SSL_MODE_DISABLED’ undeclared here (not in a function)
cc1: 警告: unrecognized command line option "-Wno-self-assign"
cc1: 警告: unrecognized command line option "-Wno-constant-logical-operand"
cc1: 警告: unrecognized command line option "-Wno-parentheses-equality"
cc1: 警告: unrecognized command line option "-Wno-tautological-compare"
checked program was:
/* begin */
1: #include "ruby.h"
2: 
3: #include <mysql.h>
4: 
5: /*top*/
6: typedef int conftest_type;
7: conftest_type conftestval = (int)SSL_MODE_DISABLED;
/* end */

--------------------

have_const: checking for MYSQL_OPT_SSL_ENFORCE in mysql.h... -------------------- no

"gcc -I/home/vagrant/.rbenv/versions/2.4.1/include/ruby-2.4.0/x86_64-linux -I/home/vagrant/.rbenv/versions/2.4.1/include/ruby-2.4.0/ruby/backward -I/home/vagrant/.rbenv/versions/2.4.1/include/ruby-2.4.0 -I. -I/usr/include/mysql -I/home/vagrant/.rbenv/versions/2.4.1/include    -O3 -fno-fast-math -ggdb3 -Wall -Wextra -Wno-unused-parameter -Wno-parentheses -Wno-long-long -Wno-missing-field-initializers -Wno-tautological-compare -Wno-parentheses-equality -Wno-constant-logical-operand -Wno-self-assign -Wunused-variable -Wimplicit-int -Wpointer-arith -Wwrite-strings -Wdeclaration-after-statement -Wimplicit-function-declaration -Wdeprecated-declarations -Wno-packed-bitfield-compat   -c conftest.c"
conftest.c:7: error: ‘MYSQL_OPT_SSL_ENFORCE’ undeclared here (not in a function)
cc1: 警告: unrecognized command line option "-Wno-self-assign"
cc1: 警告: unrecognized command line option "-Wno-constant-logical-operand"
cc1: 警告: unrecognized command line option "-Wno-parentheses-equality"
cc1: 警告: unrecognized command line option "-Wno-tautological-compare"
checked program was:
/* begin */
1: #include "ruby.h"
2: 
3: #include <mysql.h>
4: 
5: /*top*/
6: typedef int conftest_type;
7: conftest_type conftestval = (int)MYSQL_OPT_SSL_ENFORCE;
/* end */

--------------------

have_struct_member: checking for MYSQL.net.vio in mysql.h... -------------------- yes

"gcc -I/home/vagrant/.rbenv/versions/2.4.1/include/ruby-2.4.0/x86_64-linux -I/home/vagrant/.rbenv/versions/2.4.1/include/ruby-2.4.0/ruby/backward -I/home/vagrant/.rbenv/versions/2.4.1/include/ruby-2.4.0 -I. -I/usr/include/mysql -I/home/vagrant/.rbenv/versions/2.4.1/include    -O3 -fno-fast-math -ggdb3 -Wall -Wextra -Wno-unused-parameter -Wno-parentheses -Wno-long-long -Wno-missing-field-initializers -Wno-tautological-compare -Wno-parentheses-equality -Wno-constant-logical-operand -Wno-self-assign -Wunused-variable -Wimplicit-int -Wpointer-arith -Wwrite-strings -Wdeclaration-after-statement -Wimplicit-function-declaration -Wdeprecated-declarations -Wno-packed-bitfield-compat -DNO_SSL_MODE_SUPPORT   -c conftest.c"
checked program was:
/* begin */
 1: #include "ruby.h"
 2: 
 3: #include <mysql.h>
 4: 
 5: /*top*/
 6: int s = (char *)&((MYSQL*)0)->net.vio - (char *)0;
 7: int main(int argc, char **argv)
 8: {
 9:   return 0;
10: }
/* end */

--------------------

have_struct_member: checking for MYSQL.net.pvio in mysql.h... -------------------- no

"gcc -I/home/vagrant/.rbenv/versions/2.4.1/include/ruby-2.4.0/x86_64-linux -I/home/vagrant/.rbenv/versions/2.4.1/include/ruby-2.4.0/ruby/backward -I/home/vagrant/.rbenv/versions/2.4.1/include/ruby-2.4.0 -I. -I/usr/include/mysql -I/home/vagrant/.rbenv/versions/2.4.1/include    -O3 -fno-fast-math -ggdb3 -Wall -Wextra -Wno-unused-parameter -Wno-parentheses -Wno-long-long -Wno-missing-field-initializers -Wno-tautological-compare -Wno-parentheses-equality -Wno-constant-logical-operand -Wno-self-assign -Wunused-variable -Wimplicit-int -Wpointer-arith -Wwrite-strings -Wdeclaration-after-statement -Wimplicit-function-declaration -Wdeprecated-declarations -Wno-packed-bitfield-compat -DNO_SSL_MODE_SUPPORT   -c conftest.c"
conftest.c:6: error: ‘NET’ has no member named ‘pvio’
cc1: 警告: unrecognized command line option "-Wno-self-assign"
cc1: 警告: unrecognized command line option "-Wno-constant-logical-operand"
cc1: 警告: unrecognized command line option "-Wno-parentheses-equality"
cc1: 警告: unrecognized command line option "-Wno-tautological-compare"
checked program was:
/* begin */
 1: #include "ruby.h"
 2: 
 3: #include <mysql.h>
 4: 
 5: /*top*/
 6: int s = (char *)&((MYSQL*)0)->net.pvio - (char *)0;
 7: int main(int argc, char **argv)
 8: {
 9:   return 0;
10: }
/* end */

--------------------

have_const: checking for MYSQL_ENABLE_CLEARTEXT_PLUGIN in mysql.h... -------------------- yes

"gcc -I/home/vagrant/.rbenv/versions/2.4.1/include/ruby-2.4.0/x86_64-linux -I/home/vagrant/.rbenv/versions/2.4.1/include/ruby-2.4.0/ruby/backward -I/home/vagrant/.rbenv/versions/2.4.1/include/ruby-2.4.0 -I. -I/usr/include/mysql -I/home/vagrant/.rbenv/versions/2.4.1/include    -O3 -fno-fast-math -ggdb3 -Wall -Wextra -Wno-unused-parameter -Wno-parentheses -Wno-long-long -Wno-missing-field-initializers -Wno-tautological-compare -Wno-parentheses-equality -Wno-constant-logical-operand -Wno-self-assign -Wunused-variable -Wimplicit-int -Wpointer-arith -Wwrite-strings -Wdeclaration-after-statement -Wimplicit-function-declaration -Wdeprecated-declarations -Wno-packed-bitfield-compat -DNO_SSL_MODE_SUPPORT   -c conftest.c"
checked program was:
/* begin */
1: #include "ruby.h"
2: 
3: #include <mysql.h>
4: 
5: /*top*/
6: typedef int conftest_type;
7: conftest_type conftestval = (int)MYSQL_ENABLE_CLEARTEXT_PLUGIN;
/* end */

--------------------

have_const: checking for SERVER_QUERY_NO_GOOD_INDEX_USED in mysql.h... -------------------- yes

"gcc -I/home/vagrant/.rbenv/versions/2.4.1/include/ruby-2.4.0/x86_64-linux -I/home/vagrant/.rbenv/versions/2.4.1/include/ruby-2.4.0/ruby/backward -I/home/vagrant/.rbenv/versions/2.4.1/include/ruby-2.4.0 -I. -I/usr/include/mysql -I/home/vagrant/.rbenv/versions/2.4.1/include    -O3 -fno-fast-math -ggdb3 -Wall -Wextra -Wno-unused-parameter -Wno-parentheses -Wno-long-long -Wno-missing-field-initializers -Wno-tautological-compare -Wno-parentheses-equality -Wno-constant-logical-operand -Wno-self-assign -Wunused-variable -Wimplicit-int -Wpointer-arith -Wwrite-strings -Wdeclaration-after-statement -Wimplicit-function-declaration -Wdeprecated-declarations -Wno-packed-bitfield-compat -DNO_SSL_MODE_SUPPORT   -c conftest.c"
checked program was:
/* begin */
1: #include "ruby.h"
2: 
3: #include <mysql.h>
4: 
5: /*top*/
6: typedef int conftest_type;
7: conftest_type conftestval = (int)SERVER_QUERY_NO_GOOD_INDEX_USED;
/* end */

--------------------

have_const: checking for SERVER_QUERY_NO_INDEX_USED in mysql.h... -------------------- yes

"gcc -I/home/vagrant/.rbenv/versions/2.4.1/include/ruby-2.4.0/x86_64-linux -I/home/vagrant/.rbenv/versions/2.4.1/include/ruby-2.4.0/ruby/backward -I/home/vagrant/.rbenv/versions/2.4.1/include/ruby-2.4.0 -I. -I/usr/include/mysql -I/home/vagrant/.rbenv/versions/2.4.1/include    -O3 -fno-fast-math -ggdb3 -Wall -Wextra -Wno-unused-parameter -Wno-parentheses -Wno-long-long -Wno-missing-field-initializers -Wno-tautological-compare -Wno-parentheses-equality -Wno-constant-logical-operand -Wno-self-assign -Wunused-variable -Wimplicit-int -Wpointer-arith -Wwrite-strings -Wdeclaration-after-statement -Wimplicit-function-declaration -Wdeprecated-declarations -Wno-packed-bitfield-compat -DNO_SSL_MODE_SUPPORT   -c conftest.c"
checked program was:
/* begin */
1: #include "ruby.h"
2: 
3: #include <mysql.h>
4: 
5: /*top*/
6: typedef int conftest_type;
7: conftest_type conftestval = (int)SERVER_QUERY_NO_INDEX_USED;
/* end */

--------------------

have_const: checking for SERVER_QUERY_WAS_SLOW in mysql.h... -------------------- yes

"gcc -I/home/vagrant/.rbenv/versions/2.4.1/include/ruby-2.4.0/x86_64-linux -I/home/vagrant/.rbenv/versions/2.4.1/include/ruby-2.4.0/ruby/backward -I/home/vagrant/.rbenv/versions/2.4.1/include/ruby-2.4.0 -I. -I/usr/include/mysql -I/home/vagrant/.rbenv/versions/2.4.1/include    -O3 -fno-fast-math -ggdb3 -Wall -Wextra -Wno-unused-parameter -Wno-parentheses -Wno-long-long -Wno-missing-field-initializers -Wno-tautological-compare -Wno-parentheses-equality -Wno-constant-logical-operand -Wno-self-assign -Wunused-variable -Wimplicit-int -Wpointer-arith -Wwrite-strings -Wdeclaration-after-statement -Wimplicit-function-declaration -Wdeprecated-declarations -Wno-packed-bitfield-compat -DNO_SSL_MODE_SUPPORT   -c conftest.c"
checked program was:
/* begin */
1: #include "ruby.h"
2: 
3: #include <mysql.h>
4: 
5: /*top*/
6: typedef int conftest_type;
7: conftest_type conftestval = (int)SERVER_QUERY_WAS_SLOW;
/* end */

--------------------

have_const: checking for MYSQL_OPTION_MULTI_STATEMENTS_ON in mysql.h... -------------------- yes

"gcc -I/home/vagrant/.rbenv/versions/2.4.1/include/ruby-2.4.0/x86_64-linux -I/home/vagrant/.rbenv/versions/2.4.1/include/ruby-2.4.0/ruby/backward -I/home/vagrant/.rbenv/versions/2.4.1/include/ruby-2.4.0 -I. -I/usr/include/mysql -I/home/vagrant/.rbenv/versions/2.4.1/include    -O3 -fno-fast-math -ggdb3 -Wall -Wextra -Wno-unused-parameter -Wno-parentheses -Wno-long-long -Wno-missing-field-initializers -Wno-tautological-compare -Wno-parentheses-equality -Wno-constant-logical-operand -Wno-self-assign -Wunused-variable -Wimplicit-int -Wpointer-arith -Wwrite-strings -Wdeclaration-after-statement -Wimplicit-function-declaration -Wdeprecated-declarations -Wno-packed-bitfield-compat -DNO_SSL_MODE_SUPPORT   -c conftest.c"
checked program was:
/* begin */
1: #include "ruby.h"
2: 
3: #include <mysql.h>
4: 
5: /*top*/
6: typedef int conftest_type;
7: conftest_type conftestval = (int)MYSQL_OPTION_MULTI_STATEMENTS_ON;
/* end */

--------------------

have_const: checking for MYSQL_OPTION_MULTI_STATEMENTS_OFF in mysql.h... -------------------- yes

"gcc -I/home/vagrant/.rbenv/versions/2.4.1/include/ruby-2.4.0/x86_64-linux -I/home/vagrant/.rbenv/versions/2.4.1/include/ruby-2.4.0/ruby/backward -I/home/vagrant/.rbenv/versions/2.4.1/include/ruby-2.4.0 -I. -I/usr/include/mysql -I/home/vagrant/.rbenv/versions/2.4.1/include    -O3 -fno-fast-math -ggdb3 -Wall -Wextra -Wno-unused-parameter -Wno-parentheses -Wno-long-long -Wno-missing-field-initializers -Wno-tautological-compare -Wno-parentheses-equality -Wno-constant-logical-operand -Wno-self-assign -Wunused-variable -Wimplicit-int -Wpointer-arith -Wwrite-strings -Wdeclaration-after-statement -Wimplicit-function-declaration -Wdeprecated-declarations -Wno-packed-bitfield-compat -DNO_SSL_MODE_SUPPORT   -c conftest.c"
checked program was:
/* begin */
1: #include "ruby.h"
2: 
3: #include <mysql.h>
4: 
5: /*top*/
6: typedef int conftest_type;
7: conftest_type conftestval = (int)MYSQL_OPTION_MULTI_STATEMENTS_OFF;
/* end */

--------------------

have_type: checking for my_bool in mysql.h... -------------------- yes

"gcc -I/home/vagrant/.rbenv/versions/2.4.1/include/ruby-2.4.0/x86_64-linux -I/home/vagrant/.rbenv/versions/2.4.1/include/ruby-2.4.0/ruby/backward -I/home/vagrant/.rbenv/versions/2.4.1/include/ruby-2.4.0 -I. -I/usr/include/mysql -I/home/vagrant/.rbenv/versions/2.4.1/include    -O3 -fno-fast-math -ggdb3 -Wall -Wextra -Wno-unused-parameter -Wno-parentheses -Wno-long-long -Wno-missing-field-initializers -Wno-tautological-compare -Wno-parentheses-equality -Wno-constant-logical-operand -Wno-self-assign -Wunused-variable -Wimplicit-int -Wpointer-arith -Wwrite-strings -Wdeclaration-after-statement -Wimplicit-function-declaration -Wdeprecated-declarations -Wno-packed-bitfield-compat -DNO_SSL_MODE_SUPPORT   -c conftest.c"
checked program was:
/* begin */
1: #include "ruby.h"
2: 
3: #include <mysql.h>
4: 
5: /*top*/
6: typedef my_bool conftest_type;
7: int conftestval[sizeof(conftest_type)?1:-1];
/* end */

--------------------

"gcc -o conftest -I/home/vagrant/.rbenv/versions/2.4.1/include/ruby-2.4.0/x86_64-linux -I/home/vagrant/.rbenv/versions/2.4.1/include/ruby-2.4.0/ruby/backward -I/home/vagrant/.rbenv/versions/2.4.1/include/ruby-2.4.0 -I. -I/usr/include/mysql -I/home/vagrant/.rbenv/versions/2.4.1/include    -O3 -fno-fast-math -ggdb3 -Wall -Wextra -Wno-unused-parameter -Wno-parentheses -Wno-long-long -Wno-missing-field-initializers -Wno-tautological-compare -Wno-parentheses-equality -Wno-constant-logical-operand -Wno-self-assign -Wunused-variable -Wimplicit-int -Wpointer-arith -Wwrite-strings -Wdeclaration-after-statement -Wimplicit-function-declaration -Wdeprecated-declarations -Wno-packed-bitfield-compat -DNO_SSL_MODE_SUPPORT conftest.c  -L. -L/home/vagrant/.rbenv/versions/2.4.1/lib -Wl,-R/home/vagrant/.rbenv/versions/2.4.1/lib -L. -L/home/vagrant/.rbenv/versions/2.4.1/lib  -fstack-protector -rdynamic -Wl,-export-dynamic    -L/usr/lib64/mysql -lmysqlclient -lpthread -lm -lrt -ldl  -Wl,-R/home/vagrant/.rbenv/versions/2.4.1/lib -L/home/vagrant/.rbenv/versions/2.4.1/lib -lruby-static -Werror -Weverything -lpthread -lrt -ldl -lcrypt -lm   -lc"
cc1: error: unrecognized command line option "-Weverything"
cc1: warnings being treated as errors
cc1: error: unrecognized command line option "-Wno-self-assign"
cc1: error: unrecognized command line option "-Wno-constant-logical-operand"
cc1: error: unrecognized command line option "-Wno-parentheses-equality"
cc1: error: unrecognized command line option "-Wno-tautological-compare"
checked program was:
/* begin */
1: #include "ruby.h"
2: 
3: int main() {return 0;}
/* end */

"gcc -o conftest -I/home/vagrant/.rbenv/versions/2.4.1/include/ruby-2.4.0/x86_64-linux -I/home/vagrant/.rbenv/versions/2.4.1/include/ruby-2.4.0/ruby/backward -I/home/vagrant/.rbenv/versions/2.4.1/include/ruby-2.4.0 -I. -I/usr/include/mysql -I/home/vagrant/.rbenv/versions/2.4.1/include    -O3 -fno-fast-math -ggdb3 -Wall -Wextra -Wno-unused-parameter -Wno-parentheses -Wno-long-long -Wno-missing-field-initializers -Wno-tautological-compare -Wno-parentheses-equality -Wno-constant-logical-operand -Wno-self-assign -Wunused-variable -Wimplicit-int -Wpointer-arith -Wwrite-strings -Wdeclaration-after-statement -Wimplicit-function-declaration -Wdeprecated-declarations -Wno-packed-bitfield-compat -DNO_SSL_MODE_SUPPORT conftest.c  -L. -L/home/vagrant/.rbenv/versions/2.4.1/lib -Wl,-R/home/vagrant/.rbenv/versions/2.4.1/lib -L. -L/home/vagrant/.rbenv/versions/2.4.1/lib  -fstack-protector -rdynamic -Wl,-export-dynamic    -L/usr/lib64/mysql -lmysqlclient -lpthread -lm -lrt -ldl  -Wl,-R/home/vagrant/.rbenv/versions/2.4.1/lib -L/home/vagrant/.rbenv/versions/2.4.1/lib -lruby-static -Werror -Wno-bad-function-cast -lpthread -lrt -ldl -lcrypt -lm   -lc"
checked program was:
/* begin */
1: #include "ruby.h"
2: 
3: int main() {return 0;}
/* end */

"gcc -o conftest -I/home/vagrant/.rbenv/versions/2.4.1/include/ruby-2.4.0/x86_64-linux -I/home/vagrant/.rbenv/versions/2.4.1/include/ruby-2.4.0/ruby/backward -I/home/vagrant/.rbenv/versions/2.4.1/include/ruby-2.4.0 -I. -I/usr/include/mysql -I/home/vagrant/.rbenv/versions/2.4.1/include    -O3 -fno-fast-math -ggdb3 -Wall -Wextra -Wno-unused-parameter -Wno-parentheses -Wno-long-long -Wno-missing-field-initializers -Wno-tautological-compare -Wno-parentheses-equality -Wno-constant-logical-operand -Wno-self-assign -Wunused-variable -Wimplicit-int -Wpointer-arith -Wwrite-strings -Wdeclaration-after-statement -Wimplicit-function-declaration -Wdeprecated-declarations -Wno-packed-bitfield-compat -DNO_SSL_MODE_SUPPORT conftest.c  -L. -L/home/vagrant/.rbenv/versions/2.4.1/lib -Wl,-R/home/vagrant/.rbenv/versions/2.4.1/lib -L. -L/home/vagrant/.rbenv/versions/2.4.1/lib  -fstack-protector -rdynamic -Wl,-export-dynamic    -L/usr/lib64/mysql -lmysqlclient -lpthread -lm -lrt -ldl  -Wl,-R/home/vagrant/.rbenv/versions/2.4.1/lib -L/home/vagrant/.rbenv/versions/2.4.1/lib -lruby-static -Werror -Wno-conditional-uninitialized -lpthread -lrt -ldl -lcrypt -lm   -lc"
checked program was:
/* begin */
1: #include "ruby.h"
2: 
3: int main() {return 0;}
/* end */

"gcc -o conftest -I/home/vagrant/.rbenv/versions/2.4.1/include/ruby-2.4.0/x86_64-linux -I/home/vagrant/.rbenv/versions/2.4.1/include/ruby-2.4.0/ruby/backward -I/home/vagrant/.rbenv/versions/2.4.1/include/ruby-2.4.0 -I. -I/usr/include/mysql -I/home/vagrant/.rbenv/versions/2.4.1/include    -O3 -fno-fast-math -ggdb3 -Wall -Wextra -Wno-unused-parameter -Wno-parentheses -Wno-long-long -Wno-missing-field-initializers -Wno-tautological-compare -Wno-parentheses-equality -Wno-constant-logical-operand -Wno-self-assign -Wunused-variable -Wimplicit-int -Wpointer-arith -Wwrite-strings -Wdeclaration-after-statement -Wimplicit-function-declaration -Wdeprecated-declarations -Wno-packed-bitfield-compat -DNO_SSL_MODE_SUPPORT conftest.c  -L. -L/home/vagrant/.rbenv/versions/2.4.1/lib -Wl,-R/home/vagrant/.rbenv/versions/2.4.1/lib -L. -L/home/vagrant/.rbenv/versions/2.4.1/lib  -fstack-protector -rdynamic -Wl,-export-dynamic    -L/usr/lib64/mysql -lmysqlclient -lpthread -lm -lrt -ldl  -Wl,-R/home/vagrant/.rbenv/versions/2.4.1/lib -L/home/vagrant/.rbenv/versions/2.4.1/lib -lruby-static -Werror -Wno-covered-switch-default -lpthread -lrt -ldl -lcrypt -lm   -lc"
checked program was:
/* begin */
1: #include "ruby.h"
2: 
3: int main() {return 0;}
/* end */

"gcc -o conftest -I/home/vagrant/.rbenv/versions/2.4.1/include/ruby-2.4.0/x86_64-linux -I/home/vagrant/.rbenv/versions/2.4.1/include/ruby-2.4.0/ruby/backward -I/home/vagrant/.rbenv/versions/2.4.1/include/ruby-2.4.0 -I. -I/usr/include/mysql -I/home/vagrant/.rbenv/versions/2.4.1/include    -O3 -fno-fast-math -ggdb3 -Wall -Wextra -Wno-unused-parameter -Wno-parentheses -Wno-long-long -Wno-missing-field-initializers -Wno-tautological-compare -Wno-parentheses-equality -Wno-constant-logical-operand -Wno-self-assign -Wunused-variable -Wimplicit-int -Wpointer-arith -Wwrite-strings -Wdeclaration-after-statement -Wimplicit-function-declaration -Wdeprecated-declarations -Wno-packed-bitfield-compat -DNO_SSL_MODE_SUPPORT conftest.c  -L. -L/home/vagrant/.rbenv/versions/2.4.1/lib -Wl,-R/home/vagrant/.rbenv/versions/2.4.1/lib -L. -L/home/vagrant/.rbenv/versions/2.4.1/lib  -fstack-protector -rdynamic -Wl,-export-dynamic    -L/usr/lib64/mysql -lmysqlclient -lpthread -lm -lrt -ldl  -Wl,-R/home/vagrant/.rbenv/versions/2.4.1/lib -L/home/vagrant/.rbenv/versions/2.4.1/lib -lruby-static -Werror -Wno-declaration-after-statement -lpthread -lrt -ldl -lcrypt -lm   -lc"
checked program was:
/* begin */
1: #include "ruby.h"
2: 
3: int main() {return 0;}
/* end */

"gcc -o conftest -I/home/vagrant/.rbenv/versions/2.4.1/include/ruby-2.4.0/x86_64-linux -I/home/vagrant/.rbenv/versions/2.4.1/include/ruby-2.4.0/ruby/backward -I/home/vagrant/.rbenv/versions/2.4.1/include/ruby-2.4.0 -I. -I/usr/include/mysql -I/home/vagrant/.rbenv/versions/2.4.1/include    -O3 -fno-fast-math -ggdb3 -Wall -Wextra -Wno-unused-parameter -Wno-parentheses -Wno-long-long -Wno-missing-field-initializers -Wno-tautological-compare -Wno-parentheses-equality -Wno-constant-logical-operand -Wno-self-assign -Wunused-variable -Wimplicit-int -Wpointer-arith -Wwrite-strings -Wdeclaration-after-statement -Wimplicit-function-declaration -Wdeprecated-declarations -Wno-packed-bitfield-compat -DNO_SSL_MODE_SUPPORT conftest.c  -L. -L/home/vagrant/.rbenv/versions/2.4.1/lib -Wl,-R/home/vagrant/.rbenv/versions/2.4.1/lib -L. -L/home/vagrant/.rbenv/versions/2.4.1/lib  -fstack-protector -rdynamic -Wl,-export-dynamic    -L/usr/lib64/mysql -lmysqlclient -lpthread -lm -lrt -ldl  -Wl,-R/home/vagrant/.rbenv/versions/2.4.1/lib -L/home/vagrant/.rbenv/versions/2.4.1/lib -lruby-static -Werror -Wno-disabled-macro-expansion -lpthread -lrt -ldl -lcrypt -lm   -lc"
checked program was:
/* begin */
1: #include "ruby.h"
2: 
3: int main() {return 0;}
/* end */

"gcc -o conftest -I/home/vagrant/.rbenv/versions/2.4.1/include/ruby-2.4.0/x86_64-linux -I/home/vagrant/.rbenv/versions/2.4.1/include/ruby-2.4.0/ruby/backward -I/home/vagrant/.rbenv/versions/2.4.1/include/ruby-2.4.0 -I. -I/usr/include/mysql -I/home/vagrant/.rbenv/versions/2.4.1/include    -O3 -fno-fast-math -ggdb3 -Wall -Wextra -Wno-unused-parameter -Wno-parentheses -Wno-long-long -Wno-missing-field-initializers -Wno-tautological-compare -Wno-parentheses-equality -Wno-constant-logical-operand -Wno-self-assign -Wunused-variable -Wimplicit-int -Wpointer-arith -Wwrite-strings -Wdeclaration-after-statement -Wimplicit-function-declaration -Wdeprecated-declarations -Wno-packed-bitfield-compat -DNO_SSL_MODE_SUPPORT conftest.c  -L. -L/home/vagrant/.rbenv/versions/2.4.1/lib -Wl,-R/home/vagrant/.rbenv/versions/2.4.1/lib -L. -L/home/vagrant/.rbenv/versions/2.4.1/lib  -fstack-protector -rdynamic -Wl,-export-dynamic    -L/usr/lib64/mysql -lmysqlclient -lpthread -lm -lrt -ldl  -Wl,-R/home/vagrant/.rbenv/versions/2.4.1/lib -L/home/vagrant/.rbenv/versions/2.4.1/lib -lruby-static -Werror -Wno-documentation-unknown-command -lpthread -lrt -ldl -lcrypt -lm   -lc"
checked program was:
/* begin */
1: #include "ruby.h"
2: 
3: int main() {return 0;}
/* end */

"gcc -o conftest -I/home/vagrant/.rbenv/versions/2.4.1/include/ruby-2.4.0/x86_64-linux -I/home/vagrant/.rbenv/versions/2.4.1/include/ruby-2.4.0/ruby/backward -I/home/vagrant/.rbenv/versions/2.4.1/include/ruby-2.4.0 -I. -I/usr/include/mysql -I/home/vagrant/.rbenv/versions/2.4.1/include    -O3 -fno-fast-math -ggdb3 -Wall -Wextra -Wno-unused-parameter -Wno-parentheses -Wno-long-long -Wno-missing-field-initializers -Wno-tautological-compare -Wno-parentheses-equality -Wno-constant-logical-operand -Wno-self-assign -Wunused-variable -Wimplicit-int -Wpointer-arith -Wwrite-strings -Wdeclaration-after-statement -Wimplicit-function-declaration -Wdeprecated-declarations -Wno-packed-bitfield-compat -DNO_SSL_MODE_SUPPORT conftest.c  -L. -L/home/vagrant/.rbenv/versions/2.4.1/lib -Wl,-R/home/vagrant/.rbenv/versions/2.4.1/lib -L. -L/home/vagrant/.rbenv/versions/2.4.1/lib  -fstack-protector -rdynamic -Wl,-export-dynamic    -L/usr/lib64/mysql -lmysqlclient -lpthread -lm -lrt -ldl  -Wl,-R/home/vagrant/.rbenv/versions/2.4.1/lib -L/home/vagrant/.rbenv/versions/2.4.1/lib -lruby-static -Werror -Wno-missing-field-initializers -lpthread -lrt -ldl -lcrypt -lm   -lc"
checked program was:
/* begin */
1: #include "ruby.h"
2: 
3: int main() {return 0;}
/* end */

"gcc -o conftest -I/home/vagrant/.rbenv/versions/2.4.1/include/ruby-2.4.0/x86_64-linux -I/home/vagrant/.rbenv/versions/2.4.1/include/ruby-2.4.0/ruby/backward -I/home/vagrant/.rbenv/versions/2.4.1/include/ruby-2.4.0 -I. -I/usr/include/mysql -I/home/vagrant/.rbenv/versions/2.4.1/include    -O3 -fno-fast-math -ggdb3 -Wall -Wextra -Wno-unused-parameter -Wno-parentheses -Wno-long-long -Wno-missing-field-initializers -Wno-tautological-compare -Wno-parentheses-equality -Wno-constant-logical-operand -Wno-self-assign -Wunused-variable -Wimplicit-int -Wpointer-arith -Wwrite-strings -Wdeclaration-after-statement -Wimplicit-function-declaration -Wdeprecated-declarations -Wno-packed-bitfield-compat -DNO_SSL_MODE_SUPPORT conftest.c  -L. -L/home/vagrant/.rbenv/versions/2.4.1/lib -Wl,-R/home/vagrant/.rbenv/versions/2.4.1/lib -L. -L/home/vagrant/.rbenv/versions/2.4.1/lib  -fstack-protector -rdynamic -Wl,-export-dynamic    -L/usr/lib64/mysql -lmysqlclient -lpthread -lm -lrt -ldl  -Wl,-R/home/vagrant/.rbenv/versions/2.4.1/lib -L/home/vagrant/.rbenv/versions/2.4.1/lib -lruby-static -Werror -Wno-missing-variable-declarations -lpthread -lrt -ldl -lcrypt -lm   -lc"
checked program was:
/* begin */
1: #include "ruby.h"
2: 
3: int main() {return 0;}
/* end */

"gcc -o conftest -I/home/vagrant/.rbenv/versions/2.4.1/include/ruby-2.4.0/x86_64-linux -I/home/vagrant/.rbenv/versions/2.4.1/include/ruby-2.4.0/ruby/backward -I/home/vagrant/.rbenv/versions/2.4.1/include/ruby-2.4.0 -I. -I/usr/include/mysql -I/home/vagrant/.rbenv/versions/2.4.1/include    -O3 -fno-fast-math -ggdb3 -Wall -Wextra -Wno-unused-parameter -Wno-parentheses -Wno-long-long -Wno-missing-field-initializers -Wno-tautological-compare -Wno-parentheses-equality -Wno-constant-logical-operand -Wno-self-assign -Wunused-variable -Wimplicit-int -Wpointer-arith -Wwrite-strings -Wdeclaration-after-statement -Wimplicit-function-declaration -Wdeprecated-declarations -Wno-packed-bitfield-compat -DNO_SSL_MODE_SUPPORT conftest.c  -L. -L/home/vagrant/.rbenv/versions/2.4.1/lib -Wl,-R/home/vagrant/.rbenv/versions/2.4.1/lib -L. -L/home/vagrant/.rbenv/versions/2.4.1/lib  -fstack-protector -rdynamic -Wl,-export-dynamic    -L/usr/lib64/mysql -lmysqlclient -lpthread -lm -lrt -ldl  -Wl,-R/home/vagrant/.rbenv/versions/2.4.1/lib -L/home/vagrant/.rbenv/versions/2.4.1/lib -lruby-static -Werror -Wno-padded -lpthread -lrt -ldl -lcrypt -lm   -lc"
checked program was:
/* begin */
1: #include "ruby.h"
2: 
3: int main() {return 0;}
/* end */

"gcc -o conftest -I/home/vagrant/.rbenv/versions/2.4.1/include/ruby-2.4.0/x86_64-linux -I/home/vagrant/.rbenv/versions/2.4.1/include/ruby-2.4.0/ruby/backward -I/home/vagrant/.rbenv/versions/2.4.1/include/ruby-2.4.0 -I. -I/usr/include/mysql -I/home/vagrant/.rbenv/versions/2.4.1/include    -O3 -fno-fast-math -ggdb3 -Wall -Wextra -Wno-unused-parameter -Wno-parentheses -Wno-long-long -Wno-missing-field-initializers -Wno-tautological-compare -Wno-parentheses-equality -Wno-constant-logical-operand -Wno-self-assign -Wunused-variable -Wimplicit-int -Wpointer-arith -Wwrite-strings -Wdeclaration-after-statement -Wimplicit-function-declaration -Wdeprecated-declarations -Wno-packed-bitfield-compat -DNO_SSL_MODE_SUPPORT conftest.c  -L. -L/home/vagrant/.rbenv/versions/2.4.1/lib -Wl,-R/home/vagrant/.rbenv/versions/2.4.1/lib -L. -L/home/vagrant/.rbenv/versions/2.4.1/lib  -fstack-protector -rdynamic -Wl,-export-dynamic    -L/usr/lib64/mysql -lmysqlclient -lpthread -lm -lrt -ldl  -Wl,-R/home/vagrant/.rbenv/versions/2.4.1/lib -L/home/vagrant/.rbenv/versions/2.4.1/lib -lruby-static -Werror -Wno-reserved-id-macro -lpthread -lrt -ldl -lcrypt -lm   -lc"
checked program was:
/* begin */
1: #include "ruby.h"
2: 
3: int main() {return 0;}
/* end */

"gcc -o conftest -I/home/vagrant/.rbenv/versions/2.4.1/include/ruby-2.4.0/x86_64-linux -I/home/vagrant/.rbenv/versions/2.4.1/include/ruby-2.4.0/ruby/backward -I/home/vagrant/.rbenv/versions/2.4.1/include/ruby-2.4.0 -I. -I/usr/include/mysql -I/home/vagrant/.rbenv/versions/2.4.1/include    -O3 -fno-fast-math -ggdb3 -Wall -Wextra -Wno-unused-parameter -Wno-parentheses -Wno-long-long -Wno-missing-field-initializers -Wno-tautological-compare -Wno-parentheses-equality -Wno-constant-logical-operand -Wno-self-assign -Wunused-variable -Wimplicit-int -Wpointer-arith -Wwrite-strings -Wdeclaration-after-statement -Wimplicit-function-declaration -Wdeprecated-declarations -Wno-packed-bitfield-compat -DNO_SSL_MODE_SUPPORT conftest.c  -L. -L/home/vagrant/.rbenv/versions/2.4.1/lib -Wl,-R/home/vagrant/.rbenv/versions/2.4.1/lib -L. -L/home/vagrant/.rbenv/versions/2.4.1/lib  -fstack-protector -rdynamic -Wl,-export-dynamic    -L/usr/lib64/mysql -lmysqlclient -lpthread -lm -lrt -ldl  -Wl,-R/home/vagrant/.rbenv/versions/2.4.1/lib -L/home/vagrant/.rbenv/versions/2.4.1/lib -lruby-static -Werror -Wno-sign-conversion -lpthread -lrt -ldl -lcrypt -lm   -lc"
checked program was:
/* begin */
1: #include "ruby.h"
2: 
3: int main() {return 0;}
/* end */

"gcc -o conftest -I/home/vagrant/.rbenv/versions/2.4.1/include/ruby-2.4.0/x86_64-linux -I/home/vagrant/.rbenv/versions/2.4.1/include/ruby-2.4.0/ruby/backward -I/home/vagrant/.rbenv/versions/2.4.1/include/ruby-2.4.0 -I. -I/usr/include/mysql -I/home/vagrant/.rbenv/versions/2.4.1/include    -O3 -fno-fast-math -ggdb3 -Wall -Wextra -Wno-unused-parameter -Wno-parentheses -Wno-long-long -Wno-missing-field-initializers -Wno-tautological-compare -Wno-parentheses-equality -Wno-constant-logical-operand -Wno-self-assign -Wunused-variable -Wimplicit-int -Wpointer-arith -Wwrite-strings -Wdeclaration-after-statement -Wimplicit-function-declaration -Wdeprecated-declarations -Wno-packed-bitfield-compat -DNO_SSL_MODE_SUPPORT conftest.c  -L. -L/home/vagrant/.rbenv/versions/2.4.1/lib -Wl,-R/home/vagrant/.rbenv/versions/2.4.1/lib -L. -L/home/vagrant/.rbenv/versions/2.4.1/lib  -fstack-protector -rdynamic -Wl,-export-dynamic    -L/usr/lib64/mysql -lmysqlclient -lpthread -lm -lrt -ldl  -Wl,-R/home/vagrant/.rbenv/versions/2.4.1/lib -L/home/vagrant/.rbenv/versions/2.4.1/lib -lruby-static -Werror -Wno-static-in-inline -lpthread -lrt -ldl -lcrypt -lm   -lc"
checked program was:
/* begin */
1: #include "ruby.h"
2: 
3: int main() {return 0;}
/* end */

"gcc -o conftest -I/home/vagrant/.rbenv/versions/2.4.1/include/ruby-2.4.0/x86_64-linux -I/home/vagrant/.rbenv/versions/2.4.1/include/ruby-2.4.0/ruby/backward -I/home/vagrant/.rbenv/versions/2.4.1/include/ruby-2.4.0 -I. -I/usr/include/mysql -I/home/vagrant/.rbenv/versions/2.4.1/include    -O3 -fno-fast-math -ggdb3 -Wall -Wextra -Wno-unused-parameter -Wno-parentheses -Wno-long-long -Wno-missing-field-initializers -Wno-tautological-compare -Wno-parentheses-equality -Wno-constant-logical-operand -Wno-self-assign -Wunused-variable -Wimplicit-int -Wpointer-arith -Wwrite-strings -Wdeclaration-after-statement -Wimplicit-function-declaration -Wdeprecated-declarations -Wno-packed-bitfield-compat -DNO_SSL_MODE_SUPPORT conftest.c  -L. -L/home/vagrant/.rbenv/versions/2.4.1/lib -Wl,-R/home/vagrant/.rbenv/versions/2.4.1/lib -L. -L/home/vagrant/.rbenv/versions/2.4.1/lib  -fstack-protector -rdynamic -Wl,-export-dynamic    -L/usr/lib64/mysql -lmysqlclient -lpthread -lm -lrt -ldl  -Wl,-R/home/vagrant/.rbenv/versions/2.4.1/lib -L/home/vagrant/.rbenv/versions/2.4.1/lib -lruby-static -Werror -Wno-switch-enum -lpthread -lrt -ldl -lcrypt -lm   -lc"
checked program was:
/* begin */
1: #include "ruby.h"
2: 
3: int main() {return 0;}
/* end */

"gcc -o conftest -I/home/vagrant/.rbenv/versions/2.4.1/include/ruby-2.4.0/x86_64-linux -I/home/vagrant/.rbenv/versions/2.4.1/include/ruby-2.4.0/ruby/backward -I/home/vagrant/.rbenv/versions/2.4.1/include/ruby-2.4.0 -I. -I/usr/include/mysql -I/home/vagrant/.rbenv/versions/2.4.1/include    -O3 -fno-fast-math -ggdb3 -Wall -Wextra -Wno-unused-parameter -Wno-parentheses -Wno-long-long -Wno-missing-field-initializers -Wno-tautological-compare -Wno-parentheses-equality -Wno-constant-logical-operand -Wno-self-assign -Wunused-variable -Wimplicit-int -Wpointer-arith -Wwrite-strings -Wdeclaration-after-statement -Wimplicit-function-declaration -Wdeprecated-declarations -Wno-packed-bitfield-compat -DNO_SSL_MODE_SUPPORT conftest.c  -L. -L/home/vagrant/.rbenv/versions/2.4.1/lib -Wl,-R/home/vagrant/.rbenv/versions/2.4.1/lib -L. -L/home/vagrant/.rbenv/versions/2.4.1/lib  -fstack-protector -rdynamic -Wl,-export-dynamic    -L/usr/lib64/mysql -lmysqlclient -lpthread -lm -lrt -ldl  -Wl,-R/home/vagrant/.rbenv/versions/2.4.1/lib -L/home/vagrant/.rbenv/versions/2.4.1/lib -lruby-static -Werror -Wno-undef -lpthread -lrt -ldl -lcrypt -lm   -lc"
checked program was:
/* begin */
1: #include "ruby.h"
2: 
3: int main() {return 0;}
/* end */

"gcc -o conftest -I/home/vagrant/.rbenv/versions/2.4.1/include/ruby-2.4.0/x86_64-linux -I/home/vagrant/.rbenv/versions/2.4.1/include/ruby-2.4.0/ruby/backward -I/home/vagrant/.rbenv/versions/2.4.1/include/ruby-2.4.0 -I. -I/usr/include/mysql -I/home/vagrant/.rbenv/versions/2.4.1/include    -O3 -fno-fast-math -ggdb3 -Wall -Wextra -Wno-unused-parameter -Wno-parentheses -Wno-long-long -Wno-missing-field-initializers -Wno-tautological-compare -Wno-parentheses-equality -Wno-constant-logical-operand -Wno-self-assign -Wunused-variable -Wimplicit-int -Wpointer-arith -Wwrite-strings -Wdeclaration-after-statement -Wimplicit-function-declaration -Wdeprecated-declarations -Wno-packed-bitfield-compat -DNO_SSL_MODE_SUPPORT conftest.c  -L. -L/home/vagrant/.rbenv/versions/2.4.1/lib -Wl,-R/home/vagrant/.rbenv/versions/2.4.1/lib -L. -L/home/vagrant/.rbenv/versions/2.4.1/lib  -fstack-protector -rdynamic -Wl,-export-dynamic    -L/usr/lib64/mysql -lmysqlclient -lpthread -lm -lrt -ldl  -Wl,-R/home/vagrant/.rbenv/versions/2.4.1/lib -L/home/vagrant/.rbenv/versions/2.4.1/lib -lruby-static -Werror -Wno-unreachable-code -lpthread -lrt -ldl -lcrypt -lm   -lc"
checked program was:
/* begin */
1: #include "ruby.h"
2: 
3: int main() {return 0;}
/* end */

"gcc -o conftest -I/home/vagrant/.rbenv/versions/2.4.1/include/ruby-2.4.0/x86_64-linux -I/home/vagrant/.rbenv/versions/2.4.1/include/ruby-2.4.0/ruby/backward -I/home/vagrant/.rbenv/versions/2.4.1/include/ruby-2.4.0 -I. -I/usr/include/mysql -I/home/vagrant/.rbenv/versions/2.4.1/include    -O3 -fno-fast-math -ggdb3 -Wall -Wextra -Wno-unused-parameter -Wno-parentheses -Wno-long-long -Wno-missing-field-initializers -Wno-tautological-compare -Wno-parentheses-equality -Wno-constant-logical-operand -Wno-self-assign -Wunused-variable -Wimplicit-int -Wpointer-arith -Wwrite-strings -Wdeclaration-after-statement -Wimplicit-function-declaration -Wdeprecated-declarations -Wno-packed-bitfield-compat -DNO_SSL_MODE_SUPPORT conftest.c  -L. -L/home/vagrant/.rbenv/versions/2.4.1/lib -Wl,-R/home/vagrant/.rbenv/versions/2.4.1/lib -L. -L/home/vagrant/.rbenv/versions/2.4.1/lib  -fstack-protector -rdynamic -Wl,-export-dynamic    -L/usr/lib64/mysql -lmysqlclient -lpthread -lm -lrt -ldl  -Wl,-R/home/vagrant/.rbenv/versions/2.4.1/lib -L/home/vagrant/.rbenv/versions/2.4.1/lib -lruby-static -Werror -Wno-used-but-marked-unused -lpthread -lrt -ldl -lcrypt -lm   -lc"
checked program was:
/* begin */
1: #include "ruby.h"
2: 
3: int main() {return 0;}
/* end */

