have_header: checking for unistd.h... -------------------- yes

"gcc -o conftest -I/home/vagrant/.rbenv/versions/2.4.1/include/ruby-2.4.0/x86_64-linux -I/home/vagrant/.rbenv/versions/2.4.1/include/ruby-2.4.0/ruby/backward -I/home/vagrant/.rbenv/versions/2.4.1/include/ruby-2.4.0 -I. -I/home/vagrant/.rbenv/versions/2.4.1/include    -O3 -fno-fast-math -ggdb3 -Wall -Wextra -Wno-unused-parameter -Wno-parentheses -Wno-long-long -Wno-missing-field-initializers -Wno-tautological-compare -Wno-parentheses-equality -Wno-constant-logical-operand -Wno-self-assign -Wunused-variable -Wimplicit-int -Wpointer-arith -Wwrite-strings -Wdeclaration-after-statement -Wimplicit-function-declaration -Wdeprecated-declarations -Wno-packed-bitfield-compat conftest.c  -L. -L/home/vagrant/.rbenv/versions/2.4.1/lib -Wl,-R/home/vagrant/.rbenv/versions/2.4.1/lib -L. -L/home/vagrant/.rbenv/versions/2.4.1/lib  -fstack-protector -rdynamic -Wl,-export-dynamic     -Wl,-R/home/vagrant/.rbenv/versions/2.4.1/lib -L/home/vagrant/.rbenv/versions/2.4.1/lib -lruby-static  -lpthread -lrt -ldl -lcrypt -lm   -lc"
checked program was:
/* begin */
1: #include "ruby.h"
2: 
3: int main(int argc, char **argv)
4: {
5:   return 0;
6: }
/* end */

"gcc -E -I/home/vagrant/.rbenv/versions/2.4.1/include/ruby-2.4.0/x86_64-linux -I/home/vagrant/.rbenv/versions/2.4.1/include/ruby-2.4.0/ruby/backward -I/home/vagrant/.rbenv/versions/2.4.1/include/ruby-2.4.0 -I. -I/home/vagrant/.rbenv/versions/2.4.1/include    -O3 -fno-fast-math -ggdb3 -Wall -Wextra -Wno-unused-parameter -Wno-parentheses -Wno-long-long -Wno-missing-field-initializers -Wno-tautological-compare -Wno-parentheses-equality -Wno-constant-logical-operand -Wno-self-assign -Wunused-variable -Wimplicit-int -Wpointer-arith -Wwrite-strings -Wdeclaration-after-statement -Wimplicit-function-declaration -Wdeprecated-declarations -Wno-packed-bitfield-compat  conftest.c -o conftest.i"
checked program was:
/* begin */
1: #include "ruby.h"
2: 
3: #include <unistd.h>
/* end */

--------------------

have_header: checking for sys/select.h... -------------------- yes

"gcc -E -I/home/vagrant/.rbenv/versions/2.4.1/include/ruby-2.4.0/x86_64-linux -I/home/vagrant/.rbenv/versions/2.4.1/include/ruby-2.4.0/ruby/backward -I/home/vagrant/.rbenv/versions/2.4.1/include/ruby-2.4.0 -I. -I/home/vagrant/.rbenv/versions/2.4.1/include    -O3 -fno-fast-math -ggdb3 -Wall -Wextra -Wno-unused-parameter -Wno-parentheses -Wno-long-long -Wno-missing-field-initializers -Wno-tautological-compare -Wno-parentheses-equality -Wno-constant-logical-operand -Wno-self-assign -Wunused-variable -Wimplicit-int -Wpointer-arith -Wwrite-strings -Wdeclaration-after-statement -Wimplicit-function-declaration -Wdeprecated-declarations -Wno-packed-bitfield-compat  conftest.c -o conftest.i"
checked program was:
/* begin */
1: #include "ruby.h"
2: 
3: #include <sys/select.h>
/* end */

--------------------

have_type: checking for port_event_t in poll.h... -------------------- no

"gcc -I/home/vagrant/.rbenv/versions/2.4.1/include/ruby-2.4.0/x86_64-linux -I/home/vagrant/.rbenv/versions/2.4.1/include/ruby-2.4.0/ruby/backward -I/home/vagrant/.rbenv/versions/2.4.1/include/ruby-2.4.0 -I. -I/home/vagrant/.rbenv/versions/2.4.1/include    -O3 -fno-fast-math -ggdb3 -Wall -Wextra -Wno-unused-parameter -Wno-parentheses -Wno-long-long -Wno-missing-field-initializers -Wno-tautological-compare -Wno-parentheses-equality -Wno-constant-logical-operand -Wno-self-assign -Wunused-variable -Wimplicit-int -Wpointer-arith -Wwrite-strings -Wdeclaration-after-statement -Wimplicit-function-declaration -Wdeprecated-declarations -Wno-packed-bitfield-compat   -c conftest.c"
conftest.c:6: error: expected ‘=’, ‘,’, ‘;’, ‘asm’ or ‘__attribute__’ before ‘conftest_type’
conftest.c:7: error: ‘conftest_type’ undeclared here (not in a function)
cc1: 警告: unrecognized command line option "-Wno-self-assign"
cc1: 警告: unrecognized command line option "-Wno-constant-logical-operand"
cc1: 警告: unrecognized command line option "-Wno-parentheses-equality"
cc1: 警告: unrecognized command line option "-Wno-tautological-compare"
checked program was:
/* begin */
1: #include "ruby.h"
2: 
3: #include <poll.h>
4: 
5: /*top*/
6: typedef port_event_t conftest_type;
7: int conftestval[sizeof(conftest_type)?1:-1];
/* end */

--------------------

have_header: checking for sys/epoll.h... -------------------- yes

"gcc -E -I/home/vagrant/.rbenv/versions/2.4.1/include/ruby-2.4.0/x86_64-linux -I/home/vagrant/.rbenv/versions/2.4.1/include/ruby-2.4.0/ruby/backward -I/home/vagrant/.rbenv/versions/2.4.1/include/ruby-2.4.0 -I. -I/home/vagrant/.rbenv/versions/2.4.1/include    -O3 -fno-fast-math -ggdb3 -Wall -Wextra -Wno-unused-parameter -Wno-parentheses -Wno-long-long -Wno-missing-field-initializers -Wno-tautological-compare -Wno-parentheses-equality -Wno-constant-logical-operand -Wno-self-assign -Wunused-variable -Wimplicit-int -Wpointer-arith -Wwrite-strings -Wdeclaration-after-statement -Wimplicit-function-declaration -Wdeprecated-declarations -Wno-packed-bitfield-compat  conftest.c -o conftest.i"
checked program was:
/* begin */
1: #include "ruby.h"
2: 
3: #include <sys/epoll.h>
/* end */

--------------------

have_header: checking for sys/event.h... -------------------- no

"gcc -E -I/home/vagrant/.rbenv/versions/2.4.1/include/ruby-2.4.0/x86_64-linux -I/home/vagrant/.rbenv/versions/2.4.1/include/ruby-2.4.0/ruby/backward -I/home/vagrant/.rbenv/versions/2.4.1/include/ruby-2.4.0 -I. -I/home/vagrant/.rbenv/versions/2.4.1/include    -O3 -fno-fast-math -ggdb3 -Wall -Wextra -Wno-unused-parameter -Wno-parentheses -Wno-long-long -Wno-missing-field-initializers -Wno-tautological-compare -Wno-parentheses-equality -Wno-constant-logical-operand -Wno-self-assign -Wunused-variable -Wimplicit-int -Wpointer-arith -Wwrite-strings -Wdeclaration-after-statement -Wimplicit-function-declaration -Wdeprecated-declarations -Wno-packed-bitfield-compat  conftest.c -o conftest.i"
conftest.c:3:23: error: sys/event.h: そのようなファイルやディレクトリはありません
cc1: 警告: unrecognized command line option "-Wno-self-assign"
cc1: 警告: unrecognized command line option "-Wno-constant-logical-operand"
cc1: 警告: unrecognized command line option "-Wno-parentheses-equality"
cc1: 警告: unrecognized command line option "-Wno-tautological-compare"
checked program was:
/* begin */
1: #include "ruby.h"
2: 
3: #include <sys/event.h>
/* end */

--------------------

have_type: checking for port_event_t in port.h... -------------------- no

"gcc -I/home/vagrant/.rbenv/versions/2.4.1/include/ruby-2.4.0/x86_64-linux -I/home/vagrant/.rbenv/versions/2.4.1/include/ruby-2.4.0/ruby/backward -I/home/vagrant/.rbenv/versions/2.4.1/include/ruby-2.4.0 -I. -I/home/vagrant/.rbenv/versions/2.4.1/include    -O3 -fno-fast-math -ggdb3 -Wall -Wextra -Wno-unused-parameter -Wno-parentheses -Wno-long-long -Wno-missing-field-initializers -Wno-tautological-compare -Wno-parentheses-equality -Wno-constant-logical-operand -Wno-self-assign -Wunused-variable -Wimplicit-int -Wpointer-arith -Wwrite-strings -Wdeclaration-after-statement -Wimplicit-function-declaration -Wdeprecated-declarations -Wno-packed-bitfield-compat   -c conftest.c"
conftest.c:3:18: error: port.h: そのようなファイルやディレクトリはありません
conftest.c:6: error: expected ‘=’, ‘,’, ‘;’, ‘asm’ or ‘__attribute__’ before ‘conftest_type’
conftest.c:7: error: ‘conftest_type’ undeclared here (not in a function)
cc1: 警告: unrecognized command line option "-Wno-self-assign"
cc1: 警告: unrecognized command line option "-Wno-constant-logical-operand"
cc1: 警告: unrecognized command line option "-Wno-parentheses-equality"
cc1: 警告: unrecognized command line option "-Wno-tautological-compare"
checked program was:
/* begin */
1: #include "ruby.h"
2: 
3: #include <port.h>
4: 
5: /*top*/
6: typedef port_event_t conftest_type;
7: int conftestval[sizeof(conftest_type)?1:-1];
/* end */

--------------------

have_header: checking for sys/resource.h... -------------------- yes

"gcc -E -I/home/vagrant/.rbenv/versions/2.4.1/include/ruby-2.4.0/x86_64-linux -I/home/vagrant/.rbenv/versions/2.4.1/include/ruby-2.4.0/ruby/backward -I/home/vagrant/.rbenv/versions/2.4.1/include/ruby-2.4.0 -I. -I/home/vagrant/.rbenv/versions/2.4.1/include    -O3 -fno-fast-math -ggdb3 -Wall -Wextra -Wno-unused-parameter -Wno-parentheses -Wno-long-long -Wno-missing-field-initializers -Wno-tautological-compare -Wno-parentheses-equality -Wno-constant-logical-operand -Wno-self-assign -Wunused-variable -Wimplicit-int -Wpointer-arith -Wwrite-strings -Wdeclaration-after-statement -Wimplicit-function-declaration -Wdeprecated-declarations -Wno-packed-bitfield-compat  conftest.c -o conftest.i"
checked program was:
/* begin */
1: #include "ruby.h"
2: 
3: #include <sys/resource.h>
/* end */

--------------------

